<?xml version="1.0" encoding="UTF-8"?>
<!-- Generated by org.testng.reporters.JUnitXMLReporter -->
<testsuite hostname="predator" failures="6" tests="6" name="RegressionSuite" time="3.578" errors="0" timestamp="20 Nov 2022 06:24:15 GMT">
  <testcase classname="scripts.TestCase" name="@BeforeSuite beforeSuite" time="0.0">
    <failure type="org.openqa.selenium.WebDriverException" message="unknown error: cannot find msedge binary
Build info: version: &amp;apos;3.141.59&amp;apos;, revision: &amp;apos;e82be7d358&amp;apos;, time: &amp;apos;2018-11-14T08:17:03&amp;apos;
System info: host: &amp;apos;predator&amp;apos;, ip: &amp;apos;127.0.1.1&amp;apos;, os.name: &amp;apos;Linux&amp;apos;, os.arch: &amp;apos;amd64&amp;apos;, os.version: &amp;apos;5.4.0-131-generic&amp;apos;, java.version: &amp;apos;17.0.4.1&amp;apos;
Driver info: driver.version: EdgeDriver
remote stacktrace: #0 0x564458412713 &amp;lt;unknown&amp;gt;
#1 0x5644581ae211 &amp;lt;unknown&amp;gt;
#2 0x5644581d7938 &amp;lt;unknown&amp;gt;
#3 0x5644581d46f7 &amp;lt;unknown&amp;gt;
#4 0x5644582182b9 &amp;lt;unknown&amp;gt;
#5 0x56445821764c &amp;lt;unknown&amp;gt;
#6 0x56445820fbf3 &amp;lt;unknown&amp;gt;
#7 0x5644581e0f34 &amp;lt;unknown&amp;gt;
#8 0x5644581e1f41 &amp;lt;unknown&amp;gt;
#9 0x564458451058 &amp;lt;unknown&amp;gt;
#10 0x564458452eee &amp;lt;unknown&amp;gt;
#11 0x564458452960 &amp;lt;unknown&amp;gt;
#12 0x5644584535b5 &amp;lt;unknown&amp;gt;
#13 0x56445843fbfc &amp;lt;unknown&amp;gt;
#14 0x5644584538fe &amp;lt;unknown&amp;gt;
#15 0x564458435d35 &amp;lt;unknown&amp;gt;
#16 0x56445846e958 &amp;lt;unknown&amp;gt;
#17 0x56445846ea90 &amp;lt;unknown&amp;gt;
#18 0x564458487cf5 &amp;lt;unknown&amp;gt;
#19 0x7f8874e8e6db start_thread
">
      <![CDATA[org.openqa.selenium.WebDriverException: unknown error: cannot find msedge binary
Build info: version: '3.141.59', revision: 'e82be7d358', time: '2018-11-14T08:17:03'
System info: host: 'predator', ip: '127.0.1.1', os.name: 'Linux', os.arch: 'amd64', os.version: '5.4.0-131-generic', java.version: '17.0.4.1'
Driver info: driver.version: EdgeDriver
remote stacktrace: #0 0x564458412713 <unknown>
#1 0x5644581ae211 <unknown>
#2 0x5644581d7938 <unknown>
#3 0x5644581d46f7 <unknown>
#4 0x5644582182b9 <unknown>
#5 0x56445821764c <unknown>
#6 0x56445820fbf3 <unknown>
#7 0x5644581e0f34 <unknown>
#8 0x5644581e1f41 <unknown>
#9 0x564458451058 <unknown>
#10 0x564458452eee <unknown>
#11 0x564458452960 <unknown>
#12 0x5644584535b5 <unknown>
#13 0x56445843fbfc <unknown>
#14 0x5644584538fe <unknown>
#15 0x564458435d35 <unknown>
#16 0x56445846e958 <unknown>
#17 0x56445846ea90 <unknown>
#18 0x564458487cf5 <unknown>
#19 0x7f8874e8e6db start_thread

	at org.openqa.selenium.remote.W3CHandshakeResponse.lambda$errorHandler$0(W3CHandshakeResponse.java:62)
	at org.openqa.selenium.remote.HandshakeResponse.lambda$getResponseFunction$0(HandshakeResponse.java:30)
	at org.openqa.selenium.remote.ProtocolHandshake.lambda$createSession$0(ProtocolHandshake.java:126)
	at java.base/java.util.stream.ReferencePipeline$3$1.accept(ReferencePipeline.java:197)
	at java.base/java.util.Spliterators$ArraySpliterator.tryAdvance(Spliterators.java:1002)
	at java.base/java.util.stream.ReferencePipeline.forEachWithCancel(ReferencePipeline.java:129)
	at java.base/java.util.stream.AbstractPipeline.copyIntoWithCancel(AbstractPipeline.java:527)
	at java.base/java.util.stream.AbstractPipeline.copyInto(AbstractPipeline.java:513)
	at java.base/java.util.stream.AbstractPipeline.wrapAndCopyInto(AbstractPipeline.java:499)
	at java.base/java.util.stream.FindOps$FindOp.evaluateSequential(FindOps.java:150)
	at java.base/java.util.stream.AbstractPipeline.evaluate(AbstractPipeline.java:234)
	at java.base/java.util.stream.ReferencePipeline.findFirst(ReferencePipeline.java:647)
	at org.openqa.selenium.remote.ProtocolHandshake.createSession(ProtocolHandshake.java:128)
	at org.openqa.selenium.remote.ProtocolHandshake.createSession(ProtocolHandshake.java:74)
	at org.openqa.selenium.remote.HttpCommandExecutor.execute(HttpCommandExecutor.java:136)
	at org.openqa.selenium.remote.service.DriverCommandExecutor.execute(DriverCommandExecutor.java:83)
	at org.openqa.selenium.remote.RemoteWebDriver.execute(RemoteWebDriver.java:552)
	at org.openqa.selenium.remote.RemoteWebDriver.startSession(RemoteWebDriver.java:213)
	at org.openqa.selenium.remote.RemoteWebDriver.<init>(RemoteWebDriver.java:131)
	at org.openqa.selenium.edge.EdgeDriver.<init>(EdgeDriver.java:141)
	at org.openqa.selenium.edge.EdgeDriver.<init>(EdgeDriver.java:96)
	at objectManager.DriverManager.createDriver(DriverManager.java:53)
	at objectManager.DriverManager.getDriver(DriverManager.java:23)
	at scripts.TestCase.beforeSuite(TestCase.java:40)
... Removed 23 stack frames]]>
    </failure>
  </testcase> <!-- @BeforeSuite beforeSuite -->
  <testcase classname="scripts.TestCase" name="@BeforeMethod beforemethod" time="0.001">
    <skipped/>
  </testcase> <!-- @BeforeMethod beforemethod -->
  <testcase classname="scripts.TestCase" name="@AfterMethod afterMethod" time="0.0">
    <skipped/>
  </testcase> <!-- @AfterMethod afterMethod -->
  <testcase classname="scripts.TestCase" name="@BeforeMethod beforemethod" time="0.0">
    <skipped/>
  </testcase> <!-- @BeforeMethod beforemethod -->
  <testcase classname="scripts.TestCase" name="@AfterMethod afterMethod" time="0.0">
    <skipped/>
  </testcase> <!-- @AfterMethod afterMethod -->
  <testcase classname="scripts.TestCase" name="@BeforeMethod beforemethod" time="0.0">
    <skipped/>
  </testcase> <!-- @BeforeMethod beforemethod -->
  <testcase classname="scripts.TestCase" name="@AfterMethod afterMethod" time="0.0">
    <skipped/>
  </testcase> <!-- @AfterMethod afterMethod -->
  <testcase classname="scripts.TestCase" name="@BeforeMethod beforemethod" time="0.0">
    <skipped/>
  </testcase> <!-- @BeforeMethod beforemethod -->
  <testcase classname="scripts.TestCase" name="@AfterMethod afterMethod" time="0.0">
    <skipped/>
  </testcase> <!-- @AfterMethod afterMethod -->
  <testcase classname="scripts.TestCase" name="@BeforeMethod beforemethod" time="0.0">
    <skipped/>
  </testcase> <!-- @BeforeMethod beforemethod -->
  <testcase classname="scripts.TestCase" name="@AfterMethod afterMethod" time="0.0">
    <skipped/>
  </testcase> <!-- @AfterMethod afterMethod -->
  <testcase classname="scripts.TestCase" name="@BeforeMethod beforemethod" time="0.0">
    <skipped/>
  </testcase> <!-- @BeforeMethod beforemethod -->
  <testcase classname="scripts.TestCase" name="@AfterMethod afterMethod" time="0.0">
    <skipped/>
  </testcase> <!-- @AfterMethod afterMethod -->
  <testcase classname="scripts.TestCase" name="tc_1" time="0.693">
    <failure type="org.openqa.selenium.WebDriverException" message="unknown error: cannot find msedge binary
Build info: version: &amp;apos;3.141.59&amp;apos;, revision: &amp;apos;e82be7d358&amp;apos;, time: &amp;apos;2018-11-14T08:17:03&amp;apos;
System info: host: &amp;apos;predator&amp;apos;, ip: &amp;apos;127.0.1.1&amp;apos;, os.name: &amp;apos;Linux&amp;apos;, os.arch: &amp;apos;amd64&amp;apos;, os.version: &amp;apos;5.4.0-131-generic&amp;apos;, java.version: &amp;apos;17.0.4.1&amp;apos;
Driver info: driver.version: EdgeDriver
remote stacktrace: #0 0x556a5a889713 &amp;lt;unknown&amp;gt;
#1 0x556a5a625211 &amp;lt;unknown&amp;gt;
#2 0x556a5a64e938 &amp;lt;unknown&amp;gt;
#3 0x556a5a64b6f7 &amp;lt;unknown&amp;gt;
#4 0x556a5a68f2b9 &amp;lt;unknown&amp;gt;
#5 0x556a5a68e64c &amp;lt;unknown&amp;gt;
#6 0x556a5a686bf3 &amp;lt;unknown&amp;gt;
#7 0x556a5a657f34 &amp;lt;unknown&amp;gt;
#8 0x556a5a658f41 &amp;lt;unknown&amp;gt;
#9 0x556a5a8c8058 &amp;lt;unknown&amp;gt;
#10 0x556a5a8c9eee &amp;lt;unknown&amp;gt;
#11 0x556a5a8c9960 &amp;lt;unknown&amp;gt;
#12 0x556a5a8ca5b5 &amp;lt;unknown&amp;gt;
#13 0x556a5a8b6bfc &amp;lt;unknown&amp;gt;
#14 0x556a5a8ca8fe &amp;lt;unknown&amp;gt;
#15 0x556a5a8acd35 &amp;lt;unknown&amp;gt;
#16 0x556a5a8e5958 &amp;lt;unknown&amp;gt;
#17 0x556a5a8e5a90 &amp;lt;unknown&amp;gt;
#18 0x556a5a8fecf5 &amp;lt;unknown&amp;gt;
#19 0x7fbe0751e6db start_thread
">
      <![CDATA[org.openqa.selenium.WebDriverException: unknown error: cannot find msedge binary
Build info: version: '3.141.59', revision: 'e82be7d358', time: '2018-11-14T08:17:03'
System info: host: 'predator', ip: '127.0.1.1', os.name: 'Linux', os.arch: 'amd64', os.version: '5.4.0-131-generic', java.version: '17.0.4.1'
Driver info: driver.version: EdgeDriver
remote stacktrace: #0 0x556a5a889713 <unknown>
#1 0x556a5a625211 <unknown>
#2 0x556a5a64e938 <unknown>
#3 0x556a5a64b6f7 <unknown>
#4 0x556a5a68f2b9 <unknown>
#5 0x556a5a68e64c <unknown>
#6 0x556a5a686bf3 <unknown>
#7 0x556a5a657f34 <unknown>
#8 0x556a5a658f41 <unknown>
#9 0x556a5a8c8058 <unknown>
#10 0x556a5a8c9eee <unknown>
#11 0x556a5a8c9960 <unknown>
#12 0x556a5a8ca5b5 <unknown>
#13 0x556a5a8b6bfc <unknown>
#14 0x556a5a8ca8fe <unknown>
#15 0x556a5a8acd35 <unknown>
#16 0x556a5a8e5958 <unknown>
#17 0x556a5a8e5a90 <unknown>
#18 0x556a5a8fecf5 <unknown>
#19 0x7fbe0751e6db start_thread

	at org.openqa.selenium.remote.W3CHandshakeResponse.lambda$errorHandler$0(W3CHandshakeResponse.java:62)
	at org.openqa.selenium.remote.HandshakeResponse.lambda$getResponseFunction$0(HandshakeResponse.java:30)
	at org.openqa.selenium.remote.ProtocolHandshake.lambda$createSession$0(ProtocolHandshake.java:126)
	at java.base/java.util.stream.ReferencePipeline$3$1.accept(ReferencePipeline.java:197)
	at java.base/java.util.Spliterators$ArraySpliterator.tryAdvance(Spliterators.java:1002)
	at java.base/java.util.stream.ReferencePipeline.forEachWithCancel(ReferencePipeline.java:129)
	at java.base/java.util.stream.AbstractPipeline.copyIntoWithCancel(AbstractPipeline.java:527)
	at java.base/java.util.stream.AbstractPipeline.copyInto(AbstractPipeline.java:513)
	at java.base/java.util.stream.AbstractPipeline.wrapAndCopyInto(AbstractPipeline.java:499)
	at java.base/java.util.stream.FindOps$FindOp.evaluateSequential(FindOps.java:150)
	at java.base/java.util.stream.AbstractPipeline.evaluate(AbstractPipeline.java:234)
	at java.base/java.util.stream.ReferencePipeline.findFirst(ReferencePipeline.java:647)
	at org.openqa.selenium.remote.ProtocolHandshake.createSession(ProtocolHandshake.java:128)
	at org.openqa.selenium.remote.ProtocolHandshake.createSession(ProtocolHandshake.java:74)
	at org.openqa.selenium.remote.HttpCommandExecutor.execute(HttpCommandExecutor.java:136)
	at org.openqa.selenium.remote.service.DriverCommandExecutor.execute(DriverCommandExecutor.java:83)
	at org.openqa.selenium.remote.RemoteWebDriver.execute(RemoteWebDriver.java:552)
	at org.openqa.selenium.remote.RemoteWebDriver.startSession(RemoteWebDriver.java:213)
	at org.openqa.selenium.remote.RemoteWebDriver.<init>(RemoteWebDriver.java:131)
	at org.openqa.selenium.edge.EdgeDriver.<init>(EdgeDriver.java:141)
	at org.openqa.selenium.edge.EdgeDriver.<init>(EdgeDriver.java:96)
	at objectManager.DriverManager.createDriver(DriverManager.java:53)
	at objectManager.DriverManager.getDriver(DriverManager.java:23)
	at utils.Listener.onTestStart(Listener.java:20)
... Removed 26 stack frames]]>
    </failure>
  </testcase> <!-- tc_1 -->
  <testcase classname="scripts.TestCase" name="tc_2" time="0.605">
    <failure type="org.openqa.selenium.WebDriverException" message="unknown error: cannot find msedge binary
Build info: version: &amp;apos;3.141.59&amp;apos;, revision: &amp;apos;e82be7d358&amp;apos;, time: &amp;apos;2018-11-14T08:17:03&amp;apos;
System info: host: &amp;apos;predator&amp;apos;, ip: &amp;apos;127.0.1.1&amp;apos;, os.name: &amp;apos;Linux&amp;apos;, os.arch: &amp;apos;amd64&amp;apos;, os.version: &amp;apos;5.4.0-131-generic&amp;apos;, java.version: &amp;apos;17.0.4.1&amp;apos;
Driver info: driver.version: EdgeDriver
remote stacktrace: #0 0x55c9e5d34713 &amp;lt;unknown&amp;gt;
#1 0x55c9e5ad0211 &amp;lt;unknown&amp;gt;
#2 0x55c9e5af9938 &amp;lt;unknown&amp;gt;
#3 0x55c9e5af66f7 &amp;lt;unknown&amp;gt;
#4 0x55c9e5b3a2b9 &amp;lt;unknown&amp;gt;
#5 0x55c9e5b3964c &amp;lt;unknown&amp;gt;
#6 0x55c9e5b31bf3 &amp;lt;unknown&amp;gt;
#7 0x55c9e5b02f34 &amp;lt;unknown&amp;gt;
#8 0x55c9e5b03f41 &amp;lt;unknown&amp;gt;
#9 0x55c9e5d73058 &amp;lt;unknown&amp;gt;
#10 0x55c9e5d74eee &amp;lt;unknown&amp;gt;
#11 0x55c9e5d74960 &amp;lt;unknown&amp;gt;
#12 0x55c9e5d755b5 &amp;lt;unknown&amp;gt;
#13 0x55c9e5d61bfc &amp;lt;unknown&amp;gt;
#14 0x55c9e5d758fe &amp;lt;unknown&amp;gt;
#15 0x55c9e5d57d35 &amp;lt;unknown&amp;gt;
#16 0x55c9e5d90958 &amp;lt;unknown&amp;gt;
#17 0x55c9e5d90a90 &amp;lt;unknown&amp;gt;
#18 0x55c9e5da9cf5 &amp;lt;unknown&amp;gt;
#19 0x7f0118a266db start_thread
">
      <![CDATA[org.openqa.selenium.WebDriverException: unknown error: cannot find msedge binary
Build info: version: '3.141.59', revision: 'e82be7d358', time: '2018-11-14T08:17:03'
System info: host: 'predator', ip: '127.0.1.1', os.name: 'Linux', os.arch: 'amd64', os.version: '5.4.0-131-generic', java.version: '17.0.4.1'
Driver info: driver.version: EdgeDriver
remote stacktrace: #0 0x55c9e5d34713 <unknown>
#1 0x55c9e5ad0211 <unknown>
#2 0x55c9e5af9938 <unknown>
#3 0x55c9e5af66f7 <unknown>
#4 0x55c9e5b3a2b9 <unknown>
#5 0x55c9e5b3964c <unknown>
#6 0x55c9e5b31bf3 <unknown>
#7 0x55c9e5b02f34 <unknown>
#8 0x55c9e5b03f41 <unknown>
#9 0x55c9e5d73058 <unknown>
#10 0x55c9e5d74eee <unknown>
#11 0x55c9e5d74960 <unknown>
#12 0x55c9e5d755b5 <unknown>
#13 0x55c9e5d61bfc <unknown>
#14 0x55c9e5d758fe <unknown>
#15 0x55c9e5d57d35 <unknown>
#16 0x55c9e5d90958 <unknown>
#17 0x55c9e5d90a90 <unknown>
#18 0x55c9e5da9cf5 <unknown>
#19 0x7f0118a266db start_thread

	at org.openqa.selenium.remote.W3CHandshakeResponse.lambda$errorHandler$0(W3CHandshakeResponse.java:62)
	at org.openqa.selenium.remote.HandshakeResponse.lambda$getResponseFunction$0(HandshakeResponse.java:30)
	at org.openqa.selenium.remote.ProtocolHandshake.lambda$createSession$0(ProtocolHandshake.java:126)
	at java.base/java.util.stream.ReferencePipeline$3$1.accept(ReferencePipeline.java:197)
	at java.base/java.util.Spliterators$ArraySpliterator.tryAdvance(Spliterators.java:1002)
	at java.base/java.util.stream.ReferencePipeline.forEachWithCancel(ReferencePipeline.java:129)
	at java.base/java.util.stream.AbstractPipeline.copyIntoWithCancel(AbstractPipeline.java:527)
	at java.base/java.util.stream.AbstractPipeline.copyInto(AbstractPipeline.java:513)
	at java.base/java.util.stream.AbstractPipeline.wrapAndCopyInto(AbstractPipeline.java:499)
	at java.base/java.util.stream.FindOps$FindOp.evaluateSequential(FindOps.java:150)
	at java.base/java.util.stream.AbstractPipeline.evaluate(AbstractPipeline.java:234)
	at java.base/java.util.stream.ReferencePipeline.findFirst(ReferencePipeline.java:647)
	at org.openqa.selenium.remote.ProtocolHandshake.createSession(ProtocolHandshake.java:128)
	at org.openqa.selenium.remote.ProtocolHandshake.createSession(ProtocolHandshake.java:74)
	at org.openqa.selenium.remote.HttpCommandExecutor.execute(HttpCommandExecutor.java:136)
	at org.openqa.selenium.remote.service.DriverCommandExecutor.execute(DriverCommandExecutor.java:83)
	at org.openqa.selenium.remote.RemoteWebDriver.execute(RemoteWebDriver.java:552)
	at org.openqa.selenium.remote.RemoteWebDriver.startSession(RemoteWebDriver.java:213)
	at org.openqa.selenium.remote.RemoteWebDriver.<init>(RemoteWebDriver.java:131)
	at org.openqa.selenium.edge.EdgeDriver.<init>(EdgeDriver.java:141)
	at org.openqa.selenium.edge.EdgeDriver.<init>(EdgeDriver.java:96)
	at objectManager.DriverManager.createDriver(DriverManager.java:53)
	at objectManager.DriverManager.getDriver(DriverManager.java:23)
	at utils.Listener.onTestStart(Listener.java:20)
... Removed 26 stack frames]]>
    </failure>
  </testcase> <!-- tc_2 -->
  <testcase classname="scripts.TestCase" name="tc_3" time="0.591">
    <failure type="org.openqa.selenium.WebDriverException" message="unknown error: cannot find msedge binary
Build info: version: &amp;apos;3.141.59&amp;apos;, revision: &amp;apos;e82be7d358&amp;apos;, time: &amp;apos;2018-11-14T08:17:03&amp;apos;
System info: host: &amp;apos;predator&amp;apos;, ip: &amp;apos;127.0.1.1&amp;apos;, os.name: &amp;apos;Linux&amp;apos;, os.arch: &amp;apos;amd64&amp;apos;, os.version: &amp;apos;5.4.0-131-generic&amp;apos;, java.version: &amp;apos;17.0.4.1&amp;apos;
Driver info: driver.version: EdgeDriver
remote stacktrace: #0 0x564dc9b6c713 &amp;lt;unknown&amp;gt;
#1 0x564dc9908211 &amp;lt;unknown&amp;gt;
#2 0x564dc9931938 &amp;lt;unknown&amp;gt;
#3 0x564dc992e6f7 &amp;lt;unknown&amp;gt;
#4 0x564dc99722b9 &amp;lt;unknown&amp;gt;
#5 0x564dc997164c &amp;lt;unknown&amp;gt;
#6 0x564dc9969bf3 &amp;lt;unknown&amp;gt;
#7 0x564dc993af34 &amp;lt;unknown&amp;gt;
#8 0x564dc993bf41 &amp;lt;unknown&amp;gt;
#9 0x564dc9bab058 &amp;lt;unknown&amp;gt;
#10 0x564dc9baceee &amp;lt;unknown&amp;gt;
#11 0x564dc9bac960 &amp;lt;unknown&amp;gt;
#12 0x564dc9bad5b5 &amp;lt;unknown&amp;gt;
#13 0x564dc9b99bfc &amp;lt;unknown&amp;gt;
#14 0x564dc9bad8fe &amp;lt;unknown&amp;gt;
#15 0x564dc9b8fd35 &amp;lt;unknown&amp;gt;
#16 0x564dc9bc8958 &amp;lt;unknown&amp;gt;
#17 0x564dc9bc8a90 &amp;lt;unknown&amp;gt;
#18 0x564dc9be1cf5 &amp;lt;unknown&amp;gt;
#19 0x7f99acb976db start_thread
">
      <![CDATA[org.openqa.selenium.WebDriverException: unknown error: cannot find msedge binary
Build info: version: '3.141.59', revision: 'e82be7d358', time: '2018-11-14T08:17:03'
System info: host: 'predator', ip: '127.0.1.1', os.name: 'Linux', os.arch: 'amd64', os.version: '5.4.0-131-generic', java.version: '17.0.4.1'
Driver info: driver.version: EdgeDriver
remote stacktrace: #0 0x564dc9b6c713 <unknown>
#1 0x564dc9908211 <unknown>
#2 0x564dc9931938 <unknown>
#3 0x564dc992e6f7 <unknown>
#4 0x564dc99722b9 <unknown>
#5 0x564dc997164c <unknown>
#6 0x564dc9969bf3 <unknown>
#7 0x564dc993af34 <unknown>
#8 0x564dc993bf41 <unknown>
#9 0x564dc9bab058 <unknown>
#10 0x564dc9baceee <unknown>
#11 0x564dc9bac960 <unknown>
#12 0x564dc9bad5b5 <unknown>
#13 0x564dc9b99bfc <unknown>
#14 0x564dc9bad8fe <unknown>
#15 0x564dc9b8fd35 <unknown>
#16 0x564dc9bc8958 <unknown>
#17 0x564dc9bc8a90 <unknown>
#18 0x564dc9be1cf5 <unknown>
#19 0x7f99acb976db start_thread

	at org.openqa.selenium.remote.W3CHandshakeResponse.lambda$errorHandler$0(W3CHandshakeResponse.java:62)
	at org.openqa.selenium.remote.HandshakeResponse.lambda$getResponseFunction$0(HandshakeResponse.java:30)
	at org.openqa.selenium.remote.ProtocolHandshake.lambda$createSession$0(ProtocolHandshake.java:126)
	at java.base/java.util.stream.ReferencePipeline$3$1.accept(ReferencePipeline.java:197)
	at java.base/java.util.Spliterators$ArraySpliterator.tryAdvance(Spliterators.java:1002)
	at java.base/java.util.stream.ReferencePipeline.forEachWithCancel(ReferencePipeline.java:129)
	at java.base/java.util.stream.AbstractPipeline.copyIntoWithCancel(AbstractPipeline.java:527)
	at java.base/java.util.stream.AbstractPipeline.copyInto(AbstractPipeline.java:513)
	at java.base/java.util.stream.AbstractPipeline.wrapAndCopyInto(AbstractPipeline.java:499)
	at java.base/java.util.stream.FindOps$FindOp.evaluateSequential(FindOps.java:150)
	at java.base/java.util.stream.AbstractPipeline.evaluate(AbstractPipeline.java:234)
	at java.base/java.util.stream.ReferencePipeline.findFirst(ReferencePipeline.java:647)
	at org.openqa.selenium.remote.ProtocolHandshake.createSession(ProtocolHandshake.java:128)
	at org.openqa.selenium.remote.ProtocolHandshake.createSession(ProtocolHandshake.java:74)
	at org.openqa.selenium.remote.HttpCommandExecutor.execute(HttpCommandExecutor.java:136)
	at org.openqa.selenium.remote.service.DriverCommandExecutor.execute(DriverCommandExecutor.java:83)
	at org.openqa.selenium.remote.RemoteWebDriver.execute(RemoteWebDriver.java:552)
	at org.openqa.selenium.remote.RemoteWebDriver.startSession(RemoteWebDriver.java:213)
	at org.openqa.selenium.remote.RemoteWebDriver.<init>(RemoteWebDriver.java:131)
	at org.openqa.selenium.edge.EdgeDriver.<init>(EdgeDriver.java:141)
	at org.openqa.selenium.edge.EdgeDriver.<init>(EdgeDriver.java:96)
	at objectManager.DriverManager.createDriver(DriverManager.java:53)
	at objectManager.DriverManager.getDriver(DriverManager.java:23)
	at utils.Listener.onTestStart(Listener.java:20)
... Removed 26 stack frames]]>
    </failure>
  </testcase> <!-- tc_3 -->
  <testcase classname="scripts.TestCase" name="tc_4" time="0.677">
    <failure type="org.openqa.selenium.WebDriverException" message="unknown error: cannot find msedge binary
Build info: version: &amp;apos;3.141.59&amp;apos;, revision: &amp;apos;e82be7d358&amp;apos;, time: &amp;apos;2018-11-14T08:17:03&amp;apos;
System info: host: &amp;apos;predator&amp;apos;, ip: &amp;apos;127.0.1.1&amp;apos;, os.name: &amp;apos;Linux&amp;apos;, os.arch: &amp;apos;amd64&amp;apos;, os.version: &amp;apos;5.4.0-131-generic&amp;apos;, java.version: &amp;apos;17.0.4.1&amp;apos;
Driver info: driver.version: EdgeDriver
remote stacktrace: #0 0x55aafefaa713 &amp;lt;unknown&amp;gt;
#1 0x55aafed46211 &amp;lt;unknown&amp;gt;
#2 0x55aafed6f938 &amp;lt;unknown&amp;gt;
#3 0x55aafed6c6f7 &amp;lt;unknown&amp;gt;
#4 0x55aafedb02b9 &amp;lt;unknown&amp;gt;
#5 0x55aafedaf64c &amp;lt;unknown&amp;gt;
#6 0x55aafeda7bf3 &amp;lt;unknown&amp;gt;
#7 0x55aafed78f34 &amp;lt;unknown&amp;gt;
#8 0x55aafed79f41 &amp;lt;unknown&amp;gt;
#9 0x55aafefe9058 &amp;lt;unknown&amp;gt;
#10 0x55aafefeaeee &amp;lt;unknown&amp;gt;
#11 0x55aafefea960 &amp;lt;unknown&amp;gt;
#12 0x55aafefeb5b5 &amp;lt;unknown&amp;gt;
#13 0x55aafefd7bfc &amp;lt;unknown&amp;gt;
#14 0x55aafefeb8fe &amp;lt;unknown&amp;gt;
#15 0x55aafefcdd35 &amp;lt;unknown&amp;gt;
#16 0x55aaff006958 &amp;lt;unknown&amp;gt;
#17 0x55aaff006a90 &amp;lt;unknown&amp;gt;
#18 0x55aaff01fcf5 &amp;lt;unknown&amp;gt;
#19 0x7f56a6b5c6db start_thread
">
      <![CDATA[org.openqa.selenium.WebDriverException: unknown error: cannot find msedge binary
Build info: version: '3.141.59', revision: 'e82be7d358', time: '2018-11-14T08:17:03'
System info: host: 'predator', ip: '127.0.1.1', os.name: 'Linux', os.arch: 'amd64', os.version: '5.4.0-131-generic', java.version: '17.0.4.1'
Driver info: driver.version: EdgeDriver
remote stacktrace: #0 0x55aafefaa713 <unknown>
#1 0x55aafed46211 <unknown>
#2 0x55aafed6f938 <unknown>
#3 0x55aafed6c6f7 <unknown>
#4 0x55aafedb02b9 <unknown>
#5 0x55aafedaf64c <unknown>
#6 0x55aafeda7bf3 <unknown>
#7 0x55aafed78f34 <unknown>
#8 0x55aafed79f41 <unknown>
#9 0x55aafefe9058 <unknown>
#10 0x55aafefeaeee <unknown>
#11 0x55aafefea960 <unknown>
#12 0x55aafefeb5b5 <unknown>
#13 0x55aafefd7bfc <unknown>
#14 0x55aafefeb8fe <unknown>
#15 0x55aafefcdd35 <unknown>
#16 0x55aaff006958 <unknown>
#17 0x55aaff006a90 <unknown>
#18 0x55aaff01fcf5 <unknown>
#19 0x7f56a6b5c6db start_thread

	at org.openqa.selenium.remote.W3CHandshakeResponse.lambda$errorHandler$0(W3CHandshakeResponse.java:62)
	at org.openqa.selenium.remote.HandshakeResponse.lambda$getResponseFunction$0(HandshakeResponse.java:30)
	at org.openqa.selenium.remote.ProtocolHandshake.lambda$createSession$0(ProtocolHandshake.java:126)
	at java.base/java.util.stream.ReferencePipeline$3$1.accept(ReferencePipeline.java:197)
	at java.base/java.util.Spliterators$ArraySpliterator.tryAdvance(Spliterators.java:1002)
	at java.base/java.util.stream.ReferencePipeline.forEachWithCancel(ReferencePipeline.java:129)
	at java.base/java.util.stream.AbstractPipeline.copyIntoWithCancel(AbstractPipeline.java:527)
	at java.base/java.util.stream.AbstractPipeline.copyInto(AbstractPipeline.java:513)
	at java.base/java.util.stream.AbstractPipeline.wrapAndCopyInto(AbstractPipeline.java:499)
	at java.base/java.util.stream.FindOps$FindOp.evaluateSequential(FindOps.java:150)
	at java.base/java.util.stream.AbstractPipeline.evaluate(AbstractPipeline.java:234)
	at java.base/java.util.stream.ReferencePipeline.findFirst(ReferencePipeline.java:647)
	at org.openqa.selenium.remote.ProtocolHandshake.createSession(ProtocolHandshake.java:128)
	at org.openqa.selenium.remote.ProtocolHandshake.createSession(ProtocolHandshake.java:74)
	at org.openqa.selenium.remote.HttpCommandExecutor.execute(HttpCommandExecutor.java:136)
	at org.openqa.selenium.remote.service.DriverCommandExecutor.execute(DriverCommandExecutor.java:83)
	at org.openqa.selenium.remote.RemoteWebDriver.execute(RemoteWebDriver.java:552)
	at org.openqa.selenium.remote.RemoteWebDriver.startSession(RemoteWebDriver.java:213)
	at org.openqa.selenium.remote.RemoteWebDriver.<init>(RemoteWebDriver.java:131)
	at org.openqa.selenium.edge.EdgeDriver.<init>(EdgeDriver.java:141)
	at org.openqa.selenium.edge.EdgeDriver.<init>(EdgeDriver.java:96)
	at objectManager.DriverManager.createDriver(DriverManager.java:53)
	at objectManager.DriverManager.getDriver(DriverManager.java:23)
	at utils.Listener.onTestStart(Listener.java:20)
... Removed 26 stack frames]]>
    </failure>
  </testcase> <!-- tc_4 -->
  <testcase classname="scripts.TestCase" name="tc_5" time="0.581">
    <failure type="org.openqa.selenium.WebDriverException" message="unknown error: cannot find msedge binary
Build info: version: &amp;apos;3.141.59&amp;apos;, revision: &amp;apos;e82be7d358&amp;apos;, time: &amp;apos;2018-11-14T08:17:03&amp;apos;
System info: host: &amp;apos;predator&amp;apos;, ip: &amp;apos;127.0.1.1&amp;apos;, os.name: &amp;apos;Linux&amp;apos;, os.arch: &amp;apos;amd64&amp;apos;, os.version: &amp;apos;5.4.0-131-generic&amp;apos;, java.version: &amp;apos;17.0.4.1&amp;apos;
Driver info: driver.version: EdgeDriver
remote stacktrace: #0 0x5614163b1713 &amp;lt;unknown&amp;gt;
#1 0x56141614d211 &amp;lt;unknown&amp;gt;
#2 0x561416176938 &amp;lt;unknown&amp;gt;
#3 0x5614161736f7 &amp;lt;unknown&amp;gt;
#4 0x5614161b72b9 &amp;lt;unknown&amp;gt;
#5 0x5614161b664c &amp;lt;unknown&amp;gt;
#6 0x5614161aebf3 &amp;lt;unknown&amp;gt;
#7 0x56141617ff34 &amp;lt;unknown&amp;gt;
#8 0x561416180f41 &amp;lt;unknown&amp;gt;
#9 0x5614163f0058 &amp;lt;unknown&amp;gt;
#10 0x5614163f1eee &amp;lt;unknown&amp;gt;
#11 0x5614163f1960 &amp;lt;unknown&amp;gt;
#12 0x5614163f25b5 &amp;lt;unknown&amp;gt;
#13 0x5614163debfc &amp;lt;unknown&amp;gt;
#14 0x5614163f28fe &amp;lt;unknown&amp;gt;
#15 0x5614163d4d35 &amp;lt;unknown&amp;gt;
#16 0x56141640d958 &amp;lt;unknown&amp;gt;
#17 0x56141640da90 &amp;lt;unknown&amp;gt;
#18 0x561416426cf5 &amp;lt;unknown&amp;gt;
#19 0x7ff75c3bf6db start_thread
">
      <![CDATA[org.openqa.selenium.WebDriverException: unknown error: cannot find msedge binary
Build info: version: '3.141.59', revision: 'e82be7d358', time: '2018-11-14T08:17:03'
System info: host: 'predator', ip: '127.0.1.1', os.name: 'Linux', os.arch: 'amd64', os.version: '5.4.0-131-generic', java.version: '17.0.4.1'
Driver info: driver.version: EdgeDriver
remote stacktrace: #0 0x5614163b1713 <unknown>
#1 0x56141614d211 <unknown>
#2 0x561416176938 <unknown>
#3 0x5614161736f7 <unknown>
#4 0x5614161b72b9 <unknown>
#5 0x5614161b664c <unknown>
#6 0x5614161aebf3 <unknown>
#7 0x56141617ff34 <unknown>
#8 0x561416180f41 <unknown>
#9 0x5614163f0058 <unknown>
#10 0x5614163f1eee <unknown>
#11 0x5614163f1960 <unknown>
#12 0x5614163f25b5 <unknown>
#13 0x5614163debfc <unknown>
#14 0x5614163f28fe <unknown>
#15 0x5614163d4d35 <unknown>
#16 0x56141640d958 <unknown>
#17 0x56141640da90 <unknown>
#18 0x561416426cf5 <unknown>
#19 0x7ff75c3bf6db start_thread

	at org.openqa.selenium.remote.W3CHandshakeResponse.lambda$errorHandler$0(W3CHandshakeResponse.java:62)
	at org.openqa.selenium.remote.HandshakeResponse.lambda$getResponseFunction$0(HandshakeResponse.java:30)
	at org.openqa.selenium.remote.ProtocolHandshake.lambda$createSession$0(ProtocolHandshake.java:126)
	at java.base/java.util.stream.ReferencePipeline$3$1.accept(ReferencePipeline.java:197)
	at java.base/java.util.Spliterators$ArraySpliterator.tryAdvance(Spliterators.java:1002)
	at java.base/java.util.stream.ReferencePipeline.forEachWithCancel(ReferencePipeline.java:129)
	at java.base/java.util.stream.AbstractPipeline.copyIntoWithCancel(AbstractPipeline.java:527)
	at java.base/java.util.stream.AbstractPipeline.copyInto(AbstractPipeline.java:513)
	at java.base/java.util.stream.AbstractPipeline.wrapAndCopyInto(AbstractPipeline.java:499)
	at java.base/java.util.stream.FindOps$FindOp.evaluateSequential(FindOps.java:150)
	at java.base/java.util.stream.AbstractPipeline.evaluate(AbstractPipeline.java:234)
	at java.base/java.util.stream.ReferencePipeline.findFirst(ReferencePipeline.java:647)
	at org.openqa.selenium.remote.ProtocolHandshake.createSession(ProtocolHandshake.java:128)
	at org.openqa.selenium.remote.ProtocolHandshake.createSession(ProtocolHandshake.java:74)
	at org.openqa.selenium.remote.HttpCommandExecutor.execute(HttpCommandExecutor.java:136)
	at org.openqa.selenium.remote.service.DriverCommandExecutor.execute(DriverCommandExecutor.java:83)
	at org.openqa.selenium.remote.RemoteWebDriver.execute(RemoteWebDriver.java:552)
	at org.openqa.selenium.remote.RemoteWebDriver.startSession(RemoteWebDriver.java:213)
	at org.openqa.selenium.remote.RemoteWebDriver.<init>(RemoteWebDriver.java:131)
	at org.openqa.selenium.edge.EdgeDriver.<init>(EdgeDriver.java:141)
	at org.openqa.selenium.edge.EdgeDriver.<init>(EdgeDriver.java:96)
	at objectManager.DriverManager.createDriver(DriverManager.java:53)
	at objectManager.DriverManager.getDriver(DriverManager.java:23)
	at utils.Listener.onTestStart(Listener.java:20)
... Removed 26 stack frames]]>
    </failure>
  </testcase> <!-- tc_5 -->
  <testcase classname="scripts.TestCase" name="tc_6" time="0.391">
    <failure type="org.openqa.selenium.WebDriverException" message="unknown error: cannot find msedge binary
Build info: version: &amp;apos;3.141.59&amp;apos;, revision: &amp;apos;e82be7d358&amp;apos;, time: &amp;apos;2018-11-14T08:17:03&amp;apos;
System info: host: &amp;apos;predator&amp;apos;, ip: &amp;apos;127.0.1.1&amp;apos;, os.name: &amp;apos;Linux&amp;apos;, os.arch: &amp;apos;amd64&amp;apos;, os.version: &amp;apos;5.4.0-131-generic&amp;apos;, java.version: &amp;apos;17.0.4.1&amp;apos;
Driver info: driver.version: EdgeDriver
remote stacktrace: #0 0x5572c2284713 &amp;lt;unknown&amp;gt;
#1 0x5572c2020211 &amp;lt;unknown&amp;gt;
#2 0x5572c2049938 &amp;lt;unknown&amp;gt;
#3 0x5572c20466f7 &amp;lt;unknown&amp;gt;
#4 0x5572c208a2b9 &amp;lt;unknown&amp;gt;
#5 0x5572c208964c &amp;lt;unknown&amp;gt;
#6 0x5572c2081bf3 &amp;lt;unknown&amp;gt;
#7 0x5572c2052f34 &amp;lt;unknown&amp;gt;
#8 0x5572c2053f41 &amp;lt;unknown&amp;gt;
#9 0x5572c22c3058 &amp;lt;unknown&amp;gt;
#10 0x5572c22c4eee &amp;lt;unknown&amp;gt;
#11 0x5572c22c4960 &amp;lt;unknown&amp;gt;
#12 0x5572c22c55b5 &amp;lt;unknown&amp;gt;
#13 0x5572c22b1bfc &amp;lt;unknown&amp;gt;
#14 0x5572c22c58fe &amp;lt;unknown&amp;gt;
#15 0x5572c22a7d35 &amp;lt;unknown&amp;gt;
#16 0x5572c22e0958 &amp;lt;unknown&amp;gt;
#17 0x5572c22e0a90 &amp;lt;unknown&amp;gt;
#18 0x5572c22f9cf5 &amp;lt;unknown&amp;gt;
#19 0x7f6e8e3b46db start_thread
">
      <![CDATA[org.openqa.selenium.WebDriverException: unknown error: cannot find msedge binary
Build info: version: '3.141.59', revision: 'e82be7d358', time: '2018-11-14T08:17:03'
System info: host: 'predator', ip: '127.0.1.1', os.name: 'Linux', os.arch: 'amd64', os.version: '5.4.0-131-generic', java.version: '17.0.4.1'
Driver info: driver.version: EdgeDriver
remote stacktrace: #0 0x5572c2284713 <unknown>
#1 0x5572c2020211 <unknown>
#2 0x5572c2049938 <unknown>
#3 0x5572c20466f7 <unknown>
#4 0x5572c208a2b9 <unknown>
#5 0x5572c208964c <unknown>
#6 0x5572c2081bf3 <unknown>
#7 0x5572c2052f34 <unknown>
#8 0x5572c2053f41 <unknown>
#9 0x5572c22c3058 <unknown>
#10 0x5572c22c4eee <unknown>
#11 0x5572c22c4960 <unknown>
#12 0x5572c22c55b5 <unknown>
#13 0x5572c22b1bfc <unknown>
#14 0x5572c22c58fe <unknown>
#15 0x5572c22a7d35 <unknown>
#16 0x5572c22e0958 <unknown>
#17 0x5572c22e0a90 <unknown>
#18 0x5572c22f9cf5 <unknown>
#19 0x7f6e8e3b46db start_thread

	at org.openqa.selenium.remote.W3CHandshakeResponse.lambda$errorHandler$0(W3CHandshakeResponse.java:62)
	at org.openqa.selenium.remote.HandshakeResponse.lambda$getResponseFunction$0(HandshakeResponse.java:30)
	at org.openqa.selenium.remote.ProtocolHandshake.lambda$createSession$0(ProtocolHandshake.java:126)
	at java.base/java.util.stream.ReferencePipeline$3$1.accept(ReferencePipeline.java:197)
	at java.base/java.util.Spliterators$ArraySpliterator.tryAdvance(Spliterators.java:1002)
	at java.base/java.util.stream.ReferencePipeline.forEachWithCancel(ReferencePipeline.java:129)
	at java.base/java.util.stream.AbstractPipeline.copyIntoWithCancel(AbstractPipeline.java:527)
	at java.base/java.util.stream.AbstractPipeline.copyInto(AbstractPipeline.java:513)
	at java.base/java.util.stream.AbstractPipeline.wrapAndCopyInto(AbstractPipeline.java:499)
	at java.base/java.util.stream.FindOps$FindOp.evaluateSequential(FindOps.java:150)
	at java.base/java.util.stream.AbstractPipeline.evaluate(AbstractPipeline.java:234)
	at java.base/java.util.stream.ReferencePipeline.findFirst(ReferencePipeline.java:647)
	at org.openqa.selenium.remote.ProtocolHandshake.createSession(ProtocolHandshake.java:128)
	at org.openqa.selenium.remote.ProtocolHandshake.createSession(ProtocolHandshake.java:74)
	at org.openqa.selenium.remote.HttpCommandExecutor.execute(HttpCommandExecutor.java:136)
	at org.openqa.selenium.remote.service.DriverCommandExecutor.execute(DriverCommandExecutor.java:83)
	at org.openqa.selenium.remote.RemoteWebDriver.execute(RemoteWebDriver.java:552)
	at org.openqa.selenium.remote.RemoteWebDriver.startSession(RemoteWebDriver.java:213)
	at org.openqa.selenium.remote.RemoteWebDriver.<init>(RemoteWebDriver.java:131)
	at org.openqa.selenium.edge.EdgeDriver.<init>(EdgeDriver.java:141)
	at org.openqa.selenium.edge.EdgeDriver.<init>(EdgeDriver.java:96)
	at objectManager.DriverManager.createDriver(DriverManager.java:53)
	at objectManager.DriverManager.getDriver(DriverManager.java:23)
	at utils.Listener.onTestStart(Listener.java:20)
... Removed 26 stack frames]]>
    </failure>
  </testcase> <!-- tc_6 -->
</testsuite> <!-- RegressionSuite -->
